<?xml version="1.0" encoding="UTF-8"?>
<testng-results ignored="0" total="1" passed="1" failed="0" skipped="0">
  <reporter-output>
  </reporter-output>
  <suite started-at="2025-03-02T14:25:35 IST" name="Default suite" finished-at="2025-03-02T14:25:38 IST" duration-ms="2923">
    <groups>
    </groups>
    <test started-at="2025-03-02T14:25:35 IST" name="Default test" finished-at="2025-03-02T14:25:38 IST" duration-ms="2923">
      <class name="apiTests.DeleteCartTest">
        <test-method signature="testDeleteCart()[pri:0, instance:apiTests.DeleteCartTest@5e5d171f]" started-at="2025-03-02T14:25:35 IST" name="testDeleteCart" finished-at="2025-03-02T14:25:38 IST" duration-ms="2874" status="PASS">
          <reporter-output>
          </reporter-output>
        </test-method> <!-- testDeleteCart -->
      </class> <!-- apiTests.DeleteCartTest -->
    </test> <!-- Default test -->
  </suite> <!-- Default suite -->
</testng-results>
