<?xml version="1.0" encoding="UTF-8"?>
<!-- Generated by org.testng.reporters.JUnitXMLReporter -->
<testsuite ignored="2" hostname="mac" failures="0" tests="1" name="Default test" time="9.215" errors="0" timestamp="2025-03-02T08:44:16 IST">
  <testcase classname="demoblaze.tests.Login" name="LoginWithValidDetails" time="2.939"/>
  <testcase classname="demoblaze.tests.Login" name="LoginWithInvalidPassword" time="0.0">
    <ignored/>
  </testcase> <!-- LoginWithInvalidPassword -->
  <testcase classname="demoblaze.tests.Login" name="LoginWithEmptyEmail" time="0.0">
    <ignored/>
  </testcase> <!-- LoginWithEmptyEmail -->
</testsuite> <!-- Default test -->
